unityLibrary/build/intermediates/manifest_merge_blame_file/debug/processDebugManifest/manifest-merger-blame-debug-report.txt
1<?xml version="1.0" encoding="utf-8"?>
2<manifest xmlns:android="http://schemas.android.com/apk/res/android"
3    xmlns:tools="http://schemas.android.com/tools"
4    package="com.codewithhetang.arfood_final" >
5
6    <uses-sdk android:minSdkVersion="24" />
7
8    <!-- Permissions and features -->
9    <uses-permission android:name="android.permission.CAMERA" />
9-->src\main\AndroidManifest.xml:5:3-63
9-->src\main\AndroidManifest.xml:5:20-60
10
11    <uses-feature android:glEsVersion="0x00030000" />
11-->src\main\AndroidManifest.xml:6:3-52
11-->src\main\AndroidManifest.xml:6:17-49
12    <uses-feature
12-->src\main\AndroidManifest.xml:7:3-91
13        android:name="android.hardware.vulkan.version"
13-->src\main\AndroidManifest.xml:7:17-63
14        android:required="false" />
14-->src\main\AndroidManifest.xml:7:64-88
15    <uses-feature
15-->src\main\AndroidManifest.xml:8:3-83
16        android:name="android.hardware.camera"
16-->src\main\AndroidManifest.xml:8:17-55
17        android:required="false" />
17-->src\main\AndroidManifest.xml:8:56-80
18    <uses-feature
18-->src\main\AndroidManifest.xml:9:3-93
19        android:name="android.hardware.camera.autofocus"
19-->src\main\AndroidManifest.xml:9:17-65
20        android:required="false" />
20-->src\main\AndroidManifest.xml:9:66-90
21    <uses-feature
21-->src\main\AndroidManifest.xml:10:3-89
22        android:name="android.hardware.camera.front"
22-->src\main\AndroidManifest.xml:10:17-61
23        android:required="false" />
23-->src\main\AndroidManifest.xml:10:62-86
24    <uses-feature
24-->src\main\AndroidManifest.xml:11:3-88
25        android:name="android.hardware.touchscreen"
25-->src\main\AndroidManifest.xml:11:17-60
26        android:required="false" />
26-->src\main\AndroidManifest.xml:11:61-85
27    <uses-feature
27-->src\main\AndroidManifest.xml:12:3-99
28        android:name="android.hardware.touchscreen.multitouch"
28-->src\main\AndroidManifest.xml:12:17-71
29        android:required="false" />
29-->src\main\AndroidManifest.xml:12:72-96
30    <uses-feature
30-->src\main\AndroidManifest.xml:13:3-108
31        android:name="android.hardware.touchscreen.multitouch.distinct"
31-->src\main\AndroidManifest.xml:13:17-80
32        android:required="false" />
32-->src\main\AndroidManifest.xml:13:81-105
33
34    <application android:extractNativeLibs="true" >
34-->src\main\AndroidManifest.xml:15:3-49:17
34-->src\main\AndroidManifest.xml:16:7-39
35
36        <!-- Unity-specific meta-data -->
37        <meta-data
37-->src\main\AndroidManifest.xml:19:5-69
38            android:name="unity.splash-mode"
38-->src\main\AndroidManifest.xml:19:16-48
39            android:value="0" />
39-->src\main\AndroidManifest.xml:19:49-66
40        <meta-data
40-->src\main\AndroidManifest.xml:20:5-74
41            android:name="unity.splash-enable"
41-->src\main\AndroidManifest.xml:20:16-50
42            android:value="True" />
42-->src\main\AndroidManifest.xml:20:51-71
43        <meta-data
43-->src\main\AndroidManifest.xml:21:5-78
44            android:name="unity.launch-fullscreen"
44-->src\main\AndroidManifest.xml:21:16-54
45            android:value="True" />
45-->src\main\AndroidManifest.xml:21:55-75
46        <meta-data
46-->src\main\AndroidManifest.xml:22:5-84
47            android:name="unity.render-outside-safearea"
47-->src\main\AndroidManifest.xml:22:16-60
48            android:value="True" />
48-->src\main\AndroidManifest.xml:22:61-81
49        <meta-data
49-->src\main\AndroidManifest.xml:23:5-81
50            android:name="notch.config"
50-->src\main\AndroidManifest.xml:23:16-43
51            android:value="portrait|landscape" />
51-->src\main\AndroidManifest.xml:23:44-78
52        <meta-data
52-->src\main\AndroidManifest.xml:24:5-84
53            android:name="unity.auto-report-fully-drawn"
53-->src\main\AndroidManifest.xml:24:16-60
54            android:value="true" />
54-->src\main\AndroidManifest.xml:24:61-81
55
56        <!-- Unity Player Activity -->
57        <activity
57-->src\main\AndroidManifest.xml:27:5-44:16
58            android:name="com.unity3d.player.UnityPlayerActivity"
58-->src\main\AndroidManifest.xml:28:9-62
59            android:configChanges="mcc|mnc|locale|touchscreen|keyboard|keyboardHidden|navigation|orientation|screenLayout|uiMode|screenSize|smallestScreenSize|fontScale|layoutDirection|density"
59-->src\main\AndroidManifest.xml:32:9-190
60            android:exported="true"
60-->src\main\AndroidManifest.xml:35:9-32
61            android:hardwareAccelerated="false"
61-->src\main\AndroidManifest.xml:34:9-44
62            android:launchMode="singleTask"
62-->src\main\AndroidManifest.xml:31:9-40
63            android:resizeableActivity="false"
63-->src\main\AndroidManifest.xml:33:9-43
64            android:screenOrientation="fullUser"
64-->src\main\AndroidManifest.xml:30:9-45
65            android:theme="@style/UnityThemeSelector" >
65-->src\main\AndroidManifest.xml:29:9-50
66            <intent-filter>
66-->src\main\AndroidManifest.xml:37:7-40:23
67                <category android:name="android.intent.category.LAUNCHER" />
67-->src\main\AndroidManifest.xml:38:9-69
67-->src\main\AndroidManifest.xml:38:19-66
68
69                <action android:name="android.intent.action.MAIN" />
69-->src\main\AndroidManifest.xml:39:9-61
69-->src\main\AndroidManifest.xml:39:17-58
70            </intent-filter>
71
72            <meta-data
72-->src\main\AndroidManifest.xml:42:7-82
73                android:name="unityplayer.UnityActivity"
73-->src\main\AndroidManifest.xml:42:18-58
74                android:value="true" />
74-->src\main\AndroidManifest.xml:42:59-79
75            <meta-data
75-->src\main\AndroidManifest.xml:43:7-70
76                android:name="notch_support"
76-->src\main\AndroidManifest.xml:43:18-46
77                android:value="true" />
77-->src\main\AndroidManifest.xml:43:47-67
78        </activity>
79
80        <!-- Optional AR meta-data -->
81        <meta-data
81-->src\main\AndroidManifest.xml:47:5-77
82            android:name="com.google.ar.core"
82-->src\main\AndroidManifest.xml:47:16-49
83            android:value="optional" />
83-->src\main\AndroidManifest.xml:47:50-74
84    </application>
85
86</manifest>